06-Feb-2020 22:18:53.562 INFO [main] org.apache.catalina.startup.VersionLoggerListener.log Server version:        Apache Tomcat/8.0.35
06-Feb-2020 22:18:53.570 INFO [main] org.apache.catalina.startup.VersionLoggerListener.log Server built:          May 11 2016 21:57:08 UTC
06-Feb-2020 22:18:53.570 INFO [main] org.apache.catalina.startup.VersionLoggerListener.log Server number:         8.0.35.0
06-Feb-2020 22:18:53.570 INFO [main] org.apache.catalina.startup.VersionLoggerListener.log OS Name:               Windows 10
06-Feb-2020 22:18:53.570 INFO [main] org.apache.catalina.startup.VersionLoggerListener.log OS Version:            10.0
06-Feb-2020 22:18:53.570 INFO [main] org.apache.catalina.startup.VersionLoggerListener.log Architecture:          amd64
06-Feb-2020 22:18:53.570 INFO [main] org.apache.catalina.startup.VersionLoggerListener.log Java Home:             C:\Program Files\Java\jdk1.8.0_131\jre
06-Feb-2020 22:18:53.570 INFO [main] org.apache.catalina.startup.VersionLoggerListener.log JVM Version:           1.8.0_131-b11
06-Feb-2020 22:18:53.571 INFO [main] org.apache.catalina.startup.VersionLoggerListener.log JVM Vendor:            Oracle Corporation
06-Feb-2020 22:18:53.571 INFO [main] org.apache.catalina.startup.VersionLoggerListener.log CATALINA_BASE:         C:\Tomcat 8.0
06-Feb-2020 22:18:53.571 INFO [main] org.apache.catalina.startup.VersionLoggerListener.log CATALINA_HOME:         C:\Tomcat 8.0
06-Feb-2020 22:18:53.571 INFO [main] org.apache.catalina.startup.VersionLoggerListener.log Command line argument: -Dhttp.nonProxyHosts=localhost|127.0.0.1|DESKTOP-P4AFM47
06-Feb-2020 22:18:53.571 INFO [main] org.apache.catalina.startup.VersionLoggerListener.log Command line argument: -Djdk.tls.ephemeralDHKeySize=2048
06-Feb-2020 22:18:53.571 INFO [main] org.apache.catalina.startup.VersionLoggerListener.log Command line argument: -Djava.util.logging.config.file=C:\Tomcat 8.0\conf\logging.properties
06-Feb-2020 22:18:53.571 INFO [main] org.apache.catalina.startup.VersionLoggerListener.log Command line argument: -Djava.util.logging.manager=org.apache.juli.ClassLoaderLogManager
06-Feb-2020 22:18:53.572 INFO [main] org.apache.catalina.startup.VersionLoggerListener.log Command line argument: -Djava.endorsed.dirs=C:\Tomcat 8.0\endorsed
06-Feb-2020 22:18:53.572 INFO [main] org.apache.catalina.startup.VersionLoggerListener.log Command line argument: -Dcatalina.base=C:\Tomcat 8.0
06-Feb-2020 22:18:53.572 INFO [main] org.apache.catalina.startup.VersionLoggerListener.log Command line argument: -Dcatalina.home=C:\Tomcat 8.0
06-Feb-2020 22:18:53.572 INFO [main] org.apache.catalina.startup.VersionLoggerListener.log Command line argument: -Djava.io.tmpdir=C:\Tomcat 8.0\temp
06-Feb-2020 22:18:53.572 INFO [main] org.apache.catalina.core.AprLifecycleListener.lifecycleEvent The APR based Apache Tomcat Native library which allows optimal performance in production environments was not found on the java.library.path: C:\Program Files\Java\jdk1.8.0_131\bin;C:\Windows\Sun\Java\bin;C:\Windows\system32;C:\Windows;C:\Windows\system32;C:\Windows;C:\Windows\System32\Wbem;C:\Windows\System32\WindowsPowerShell\v1.0\;C:\Program Files\Java\jdk1.8.0_131\bin;C:\Android;C:\Windows\System32;C:\Program Files\Java\jdk1.8.0_131\bin;.
06-Feb-2020 22:18:54.221 INFO [main] org.apache.coyote.AbstractProtocol.init Initializing ProtocolHandler ["http-nio-9090"]
06-Feb-2020 22:18:54.931 INFO [main] org.apache.tomcat.util.net.NioSelectorPool.getSharedSelector Using a shared selector for servlet write/read
06-Feb-2020 22:18:54.954 INFO [main] org.apache.coyote.AbstractProtocol.init Initializing ProtocolHandler ["ajp-nio-8007"]
06-Feb-2020 22:18:54.960 INFO [main] org.apache.tomcat.util.net.NioSelectorPool.getSharedSelector Using a shared selector for servlet write/read
06-Feb-2020 22:18:54.960 INFO [main] org.apache.catalina.startup.Catalina.load Initialization processed in 2633 ms
06-Feb-2020 22:18:55.077 INFO [main] org.apache.catalina.core.StandardService.startInternal Starting service Catalina
06-Feb-2020 22:18:55.078 INFO [main] org.apache.catalina.core.StandardEngine.startInternal Starting Servlet Engine: Apache Tomcat/8.0.35
06-Feb-2020 22:18:55.125 INFO [localhost-startStop-1] org.apache.catalina.startup.HostConfig.deployDescriptor Deploying configuration descriptor C:\Tomcat 8.0\conf\Catalina\localhost\WebApplication1.xml
06-Feb-2020 22:18:55.833 INFO [localhost-startStop-1] org.apache.catalina.startup.HostConfig.deployDescriptor Deployment of configuration descriptor C:\Tomcat 8.0\conf\Catalina\localhost\WebApplication1.xml has finished in 707 ms
06-Feb-2020 22:18:55.834 INFO [localhost-startStop-1] org.apache.catalina.startup.HostConfig.deployDirectory Deploying web application directory C:\Tomcat 8.0\webapps\app1
06-Feb-2020 22:18:55.927 INFO [localhost-startStop-1] org.apache.catalina.startup.HostConfig.deployDirectory Deployment of web application directory C:\Tomcat 8.0\webapps\app1 has finished in 92 ms
06-Feb-2020 22:18:55.927 INFO [localhost-startStop-1] org.apache.catalina.startup.HostConfig.deployDirectory Deploying web application directory C:\Tomcat 8.0\webapps\docs
06-Feb-2020 22:18:56.025 INFO [localhost-startStop-1] org.apache.catalina.startup.HostConfig.deployDirectory Deployment of web application directory C:\Tomcat 8.0\webapps\docs has finished in 97 ms
06-Feb-2020 22:18:56.025 INFO [localhost-startStop-1] org.apache.catalina.startup.HostConfig.deployDirectory Deploying web application directory C:\Tomcat 8.0\webapps\examples
06-Feb-2020 22:18:57.270 INFO [localhost-startStop-1] org.apache.catalina.startup.HostConfig.deployDirectory Deployment of web application directory C:\Tomcat 8.0\webapps\examples has finished in 1,245 ms
06-Feb-2020 22:18:57.271 INFO [localhost-startStop-1] org.apache.catalina.startup.HostConfig.deployDirectory Deploying web application directory C:\Tomcat 8.0\webapps\host-manager
06-Feb-2020 22:18:57.354 INFO [localhost-startStop-1] org.apache.catalina.startup.HostConfig.deployDirectory Deployment of web application directory C:\Tomcat 8.0\webapps\host-manager has finished in 83 ms
06-Feb-2020 22:18:57.354 INFO [localhost-startStop-1] org.apache.catalina.startup.HostConfig.deployDirectory Deploying web application directory C:\Tomcat 8.0\webapps\manager
06-Feb-2020 22:18:57.426 INFO [localhost-startStop-1] org.apache.catalina.startup.HostConfig.deployDirectory Deployment of web application directory C:\Tomcat 8.0\webapps\manager has finished in 72 ms
06-Feb-2020 22:18:57.426 INFO [localhost-startStop-1] org.apache.catalina.startup.HostConfig.deployDirectory Deploying web application directory C:\Tomcat 8.0\webapps\ROOT
06-Feb-2020 22:18:57.496 INFO [localhost-startStop-1] org.apache.catalina.startup.HostConfig.deployDirectory Deployment of web application directory C:\Tomcat 8.0\webapps\ROOT has finished in 69 ms
06-Feb-2020 22:18:57.501 INFO [main] org.apache.coyote.AbstractProtocol.start Starting ProtocolHandler ["http-nio-9090"]
06-Feb-2020 22:18:57.512 INFO [main] org.apache.coyote.AbstractProtocol.start Starting ProtocolHandler ["ajp-nio-8007"]
06-Feb-2020 22:18:57.514 INFO [main] org.apache.catalina.startup.Catalina.start Server startup in 2553 ms
06-Feb-2020 22:18:58.325 INFO [http-nio-9090-exec-4] org.apache.catalina.startup.HostConfig.deployDescriptor Deploying configuration descriptor C:\Tomcat 8.0\conf\Catalina\localhost\FoodOrdering.xml
06-Feb-2020 22:18:58.407 INFO [http-nio-9090-exec-4] org.apache.catalina.startup.HostConfig.deployDescriptor Deployment of configuration descriptor C:\Tomcat 8.0\conf\Catalina\localhost\FoodOrdering.xml has finished in 82 ms
06-Feb-2020 22:18:58.413 INFO [http-nio-9090-exec-3] org.apache.catalina.util.LifecycleBase.start The start() method was called on component [StandardEngine[Catalina].StandardHost[localhost].StandardContext[/FoodOrdering]] after start() had already been called. The second call will be ignored.
