[2018-06-09 14:16:46] [info]  [ 3060] Commons Daemon procrun (1.0.15.0 32-bit) started
[2018-06-09 14:16:46] [info]  [ 3060] Debugging 'Tomcat8' service...
[2018-06-09 14:16:46] [info]  [ 3060] Starting service...
[2018-06-09 14:16:49] [info]  [ 3060] Service started in 2326 ms.
[2018-06-09 14:16:56] [info]  [ 3060] Debug service finished with exit code 0
[2018-06-09 14:16:56] [info]  [ 3060] Commons Daemon procrun finished
[2018-06-09 14:18:55] [info]  [ 9248] Commons Daemon procrun (1.0.15.0 32-bit) started
[2018-06-09 14:18:56] [info]  [ 9248] Debugging 'Tomcat8' service...
[2018-06-09 14:18:56] [info]  [ 9248] Starting service...
[2018-06-09 14:18:57] [info]  [ 9248] Service started in 1262 ms.
[2018-06-09 14:23:01] [info]  [ 9272] Console CTRL+CLOSE event signaled
[2018-06-09 14:23:01] [info]  [ 9272] Stopping service...
[2018-06-09 14:23:02] [info]  [ 9272] Service stop thread completed.
[2018-06-09 14:48:53] [info]  [ 8516] Commons Daemon procrun (1.0.15.0 32-bit) started
[2018-06-09 14:48:53] [info]  [ 8516] Debugging 'Tomcat8' service...
[2018-06-09 14:48:53] [info]  [ 8516] Starting service...
[2018-06-09 14:48:54] [info]  [ 8516] Service started in 1254 ms.
[2018-06-09 16:01:22] [info]  [ 4960] Console CTRL+CLOSE event signaled
[2018-06-09 16:01:22] [info]  [ 4960] Stopping service...
[2018-06-09 16:01:23] [info]  [ 4960] Service stop thread completed.
