17-Feb-2020 00:39:55.649 INFO [http-nio-9090-exec-7] org.apache.catalina.core.ApplicationContext.log Manager: init: Associated with Deployer 'Catalina:type=Deployer,host=localhost'
17-Feb-2020 00:39:55.649 INFO [http-nio-9090-exec-7] org.apache.catalina.core.ApplicationContext.log Manager: init: Global resources are available
17-Feb-2020 00:39:55.652 INFO [http-nio-9090-exec-7] org.apache.catalina.core.ApplicationContext.log Manager: list: Listing contexts for virtual host 'localhost'
17-Feb-2020 00:39:55.671 INFO [http-nio-9090-exec-5] org.apache.catalina.core.ApplicationContext.log Manager: list: Listing contexts for virtual host 'localhost'
17-Feb-2020 08:46:11.091 INFO [http-nio-9090-exec-5] org.apache.catalina.core.ApplicationContext.log Manager: init: Associated with Deployer 'Catalina:type=Deployer,host=localhost'
17-Feb-2020 08:46:11.091 INFO [http-nio-9090-exec-5] org.apache.catalina.core.ApplicationContext.log Manager: init: Global resources are available
17-Feb-2020 08:46:11.094 INFO [http-nio-9090-exec-5] org.apache.catalina.core.ApplicationContext.log Manager: list: Listing contexts for virtual host 'localhost'
17-Feb-2020 08:46:11.124 INFO [http-nio-9090-exec-7] org.apache.catalina.core.ApplicationContext.log Manager: list: Listing contexts for virtual host 'localhost'
17-Feb-2020 08:55:46.900 INFO [http-nio-9090-exec-1] org.apache.catalina.core.ApplicationContext.log Manager: list: Listing contexts for virtual host 'localhost'
17-Feb-2020 08:55:46.913 INFO [http-nio-9090-exec-2] org.apache.catalina.core.ApplicationContext.log Manager: list: Listing contexts for virtual host 'localhost'
17-Feb-2020 09:03:16.441 INFO [http-nio-9090-exec-10] org.apache.catalina.core.ApplicationContext.log Manager: list: Listing contexts for virtual host 'localhost'
17-Feb-2020 09:03:16.456 INFO [http-nio-9090-exec-3] org.apache.catalina.core.ApplicationContext.log Manager: list: Listing contexts for virtual host 'localhost'
17-Feb-2020 09:05:55.316 INFO [http-nio-9090-exec-6] org.apache.catalina.core.ApplicationContext.log Manager: list: Listing contexts for virtual host 'localhost'
17-Feb-2020 09:05:55.326 INFO [http-nio-9090-exec-5] org.apache.catalina.core.ApplicationContext.log Manager: list: Listing contexts for virtual host 'localhost'
17-Feb-2020 09:06:39.947 INFO [http-nio-9090-exec-2] org.apache.catalina.core.ApplicationContext.log Manager: list: Listing contexts for virtual host 'localhost'
17-Feb-2020 09:06:39.956 INFO [http-nio-9090-exec-3] org.apache.catalina.core.ApplicationContext.log Manager: list: Listing contexts for virtual host 'localhost'
17-Feb-2020 09:12:45.811 INFO [http-nio-9090-exec-1] org.apache.catalina.core.ApplicationContext.log Manager: list: Listing contexts for virtual host 'localhost'
17-Feb-2020 09:12:45.822 INFO [http-nio-9090-exec-2] org.apache.catalina.core.ApplicationContext.log Manager: list: Listing contexts for virtual host 'localhost'
17-Feb-2020 09:28:30.747 INFO [http-nio-9090-exec-2] org.apache.catalina.core.ApplicationContext.log Manager: list: Listing contexts for virtual host 'localhost'
17-Feb-2020 09:28:32.843 INFO [http-nio-9090-exec-3] org.apache.catalina.core.ApplicationContext.log Manager: stop: Stopping web application '/Onlinefodorder'
17-Feb-2020 09:28:44.511 INFO [http-nio-9090-exec-8] org.apache.catalina.core.ApplicationContext.log Manager: start: Starting web application '/Onlinefodorder'
17-Feb-2020 09:28:54.462 INFO [http-nio-9090-exec-1] org.apache.catalina.core.ApplicationContext.log Manager: list: Listing contexts for virtual host 'localhost'
17-Feb-2020 09:28:54.551 INFO [http-nio-9090-exec-2] org.apache.catalina.core.ApplicationContext.log Manager: stop: Stopping web application '/Onlinefodorder'
17-Feb-2020 09:28:54.771 INFO [http-nio-9090-exec-7] org.apache.catalina.core.ApplicationContext.log Manager: start: Starting web application '/Onlinefodorder'
17-Feb-2020 09:31:09.220 INFO [http-nio-9090-exec-6] org.apache.catalina.core.ApplicationContext.log Manager: list: Listing contexts for virtual host 'localhost'
17-Feb-2020 09:31:09.467 INFO [http-nio-9090-exec-4] org.apache.catalina.core.ApplicationContext.log Manager: undeploy: Undeploying web application at '/Onlinefodorder'
17-Feb-2020 09:57:04.555 INFO [http-nio-9090-exec-4] org.apache.catalina.core.ApplicationContext.log Manager: init: Associated with Deployer 'Catalina:type=Deployer,host=localhost'
17-Feb-2020 09:57:04.557 INFO [http-nio-9090-exec-4] org.apache.catalina.core.ApplicationContext.log Manager: init: Global resources are available
17-Feb-2020 09:57:04.560 INFO [http-nio-9090-exec-4] org.apache.catalina.core.ApplicationContext.log Manager: list: Listing contexts for virtual host 'localhost'
17-Feb-2020 09:57:04.576 INFO [http-nio-9090-exec-6] org.apache.catalina.core.ApplicationContext.log Manager: list: Listing contexts for virtual host 'localhost'
17-Feb-2020 09:57:04.618 INFO [http-nio-9090-exec-10] org.apache.catalina.core.ApplicationContext.log Manager: install: Installing context configuration at 'file:/C:/Users/user/AppData/Local/Temp/context631235630359177337.xml'
17-Feb-2020 09:57:06.223 INFO [http-nio-9090-exec-8] org.apache.catalina.core.ApplicationContext.log Manager: start: Starting web application '/Onlinefodorder'
17-Feb-2020 11:10:16.230 INFO [http-nio-9090-exec-13] org.apache.catalina.core.ApplicationContext.log Manager: list: Listing contexts for virtual host 'localhost'
17-Feb-2020 11:10:16.239 INFO [http-nio-9090-exec-6] org.apache.catalina.core.ApplicationContext.log Manager: list: Listing contexts for virtual host 'localhost'
17-Feb-2020 11:10:16.426 INFO [http-nio-9090-exec-12] org.apache.catalina.core.ApplicationContext.log Manager: undeploy: Undeploying web application at '/Onlinefodorder'
17-Feb-2020 11:10:20.155 INFO [http-nio-9090-exec-13] org.apache.catalina.core.ApplicationContext.log Manager: install: Installing context configuration at 'file:/C:/Users/user/AppData/Local/Temp/context2787587803337335918.xml'
17-Feb-2020 11:10:24.826 INFO [http-nio-9090-exec-18] org.apache.catalina.core.ApplicationContext.log Manager: start: Starting web application '/Onlinefodorder'
17-Feb-2020 11:10:26.273 INFO [http-nio-9090-exec-16] org.apache.catalina.core.ApplicationContext.log Manager: list: Listing contexts for virtual host 'localhost'
17-Feb-2020 11:10:26.302 INFO [http-nio-9090-exec-12] org.apache.catalina.core.ApplicationContext.log Manager: restart: Reloading web application '/Onlinefodorder'
17-Feb-2020 11:10:57.064 INFO [http-nio-9090-exec-12] org.apache.catalina.core.ApplicationContext.log Manager: list: Listing contexts for virtual host 'localhost'
17-Feb-2020 11:11:31.080 INFO [http-nio-9090-exec-12] org.apache.catalina.core.ApplicationContext.log Manager: list: Listing contexts for virtual host 'localhost'
17-Feb-2020 11:11:31.123 INFO [http-nio-9090-exec-22] org.apache.catalina.core.ApplicationContext.log Manager: restart: Reloading web application '/Onlinefodorder'
17-Feb-2020 11:11:45.830 INFO [http-nio-9090-exec-26] org.apache.catalina.core.ApplicationContext.log Manager: list: Listing contexts for virtual host 'localhost'
17-Feb-2020 11:11:45.892 INFO [http-nio-9090-exec-7] org.apache.catalina.core.ApplicationContext.log Manager: restart: Reloading web application '/Onlinefodorder'
17-Feb-2020 11:31:14.463 INFO [http-nio-9090-exec-33] org.apache.catalina.core.ApplicationContext.log Manager: list: Listing contexts for virtual host 'localhost'
17-Feb-2020 11:32:02.119 INFO [http-nio-9090-exec-33] org.apache.catalina.core.ApplicationContext.log Manager: list: Listing contexts for virtual host 'localhost'
17-Feb-2020 11:32:02.277 INFO [http-nio-9090-exec-36] org.apache.catalina.core.ApplicationContext.log Manager: restart: Reloading web application '/Onlinefodorder'
17-Feb-2020 11:32:15.190 INFO [http-nio-9090-exec-39] org.apache.catalina.core.ApplicationContext.log Manager: list: Listing contexts for virtual host 'localhost'
17-Feb-2020 11:32:15.229 INFO [http-nio-9090-exec-33] org.apache.catalina.core.ApplicationContext.log Manager: restart: Reloading web application '/Onlinefodorder'
17-Feb-2020 11:32:16.309 INFO [http-nio-9090-exec-37] org.apache.catalina.core.ApplicationContext.log Manager: list: Listing contexts for virtual host 'localhost'
17-Feb-2020 11:32:16.409 INFO [http-nio-9090-exec-35] org.apache.catalina.core.ApplicationContext.log Manager: restart: Reloading web application '/Onlinefodorder'
17-Feb-2020 11:33:15.695 INFO [http-nio-9090-exec-35] org.apache.catalina.core.ApplicationContext.log Manager: list: Listing contexts for virtual host 'localhost'
17-Feb-2020 11:33:15.806 INFO [http-nio-9090-exec-33] org.apache.catalina.core.ApplicationContext.log Manager: undeploy: Undeploying web application at '/Onlinefodorder'
17-Feb-2020 11:33:16.361 INFO [http-nio-9090-exec-40] org.apache.catalina.core.ApplicationContext.log Manager: install: Installing context configuration at 'file:/C:/Users/user/AppData/Local/Temp/context1854780519134369264.xml'
17-Feb-2020 11:33:19.005 INFO [http-nio-9090-exec-35] org.apache.catalina.core.ApplicationContext.log Manager: list: Listing contexts for virtual host 'localhost'
17-Feb-2020 11:33:19.037 INFO [http-nio-9090-exec-38] org.apache.catalina.core.ApplicationContext.log Manager: restart: Reloading web application '/Onlinefodorder'
17-Feb-2020 11:33:37.712 INFO [http-nio-9090-exec-38] org.apache.catalina.core.ApplicationContext.log Manager: list: Listing contexts for virtual host 'localhost'
17-Feb-2020 11:34:56.709 INFO [http-nio-9090-exec-39] org.apache.catalina.core.ApplicationContext.log Manager: list: Listing contexts for virtual host 'localhost'
17-Feb-2020 11:34:56.814 INFO [http-nio-9090-exec-49] org.apache.catalina.core.ApplicationContext.log Manager: restart: Reloading web application '/Onlinefodorder'
17-Feb-2020 11:35:07.382 INFO [http-nio-9090-exec-49] org.apache.catalina.core.ApplicationContext.log Manager: list: Listing contexts for virtual host 'localhost'
17-Feb-2020 17:21:03.897 INFO [http-nio-9090-exec-5] org.apache.catalina.core.ApplicationContext.log Manager: init: Associated with Deployer 'Catalina:type=Deployer,host=localhost'
17-Feb-2020 17:21:03.899 INFO [http-nio-9090-exec-5] org.apache.catalina.core.ApplicationContext.log Manager: init: Global resources are available
17-Feb-2020 17:21:03.902 INFO [http-nio-9090-exec-5] org.apache.catalina.core.ApplicationContext.log Manager: list: Listing contexts for virtual host 'localhost'
17-Feb-2020 17:21:04.068 INFO [http-nio-9090-exec-8] org.apache.catalina.core.ApplicationContext.log Manager: restart: Reloading web application '/Onlinefodorder'
17-Feb-2020 17:22:50.692 INFO [http-nio-9090-exec-10] org.apache.catalina.core.ApplicationContext.log Manager: list: Listing contexts for virtual host 'localhost'
17-Feb-2020 17:22:51.005 INFO [http-nio-9090-exec-5] org.apache.catalina.core.ApplicationContext.log Manager: restart: Reloading web application '/Onlinefodorder'
17-Feb-2020 17:23:11.168 INFO [http-nio-9090-exec-16] org.apache.catalina.core.ApplicationContext.log Manager: list: Listing contexts for virtual host 'localhost'
17-Feb-2020 17:23:11.215 INFO [http-nio-9090-exec-11] org.apache.catalina.core.ApplicationContext.log Manager: restart: Reloading web application '/Onlinefodorder'
17-Feb-2020 17:29:04.519 INFO [http-nio-9090-exec-14] org.apache.catalina.core.ApplicationContext.log Manager: list: Listing contexts for virtual host 'localhost'
17-Feb-2020 17:29:04.563 INFO [http-nio-9090-exec-18] org.apache.catalina.core.ApplicationContext.log Manager: restart: Reloading web application '/Onlinefodorder'
17-Feb-2020 17:29:07.326 INFO [http-nio-9090-exec-22] org.apache.catalina.core.ApplicationContext.log Manager: list: Listing contexts for virtual host 'localhost'
17-Feb-2020 17:29:07.360 INFO [http-nio-9090-exec-23] org.apache.catalina.core.ApplicationContext.log Manager: restart: Reloading web application '/Onlinefodorder'
17-Feb-2020 17:29:13.969 INFO [http-nio-9090-exec-26] org.apache.catalina.core.ApplicationContext.log Manager: list: Listing contexts for virtual host 'localhost'
17-Feb-2020 17:56:29.849 INFO [http-nio-9090-exec-35] org.apache.catalina.core.ApplicationContext.log Manager: list: Listing contexts for virtual host 'localhost'
17-Feb-2020 17:56:29.861 INFO [http-nio-9090-exec-36] org.apache.catalina.core.ApplicationContext.log Manager: list: Listing contexts for virtual host 'localhost'
17-Feb-2020 17:56:30.359 INFO [http-nio-9090-exec-28] org.apache.catalina.core.ApplicationContext.log Manager: undeploy: Undeploying web application at '/Onlinefodorder'
17-Feb-2020 17:56:31.698 INFO [http-nio-9090-exec-33] org.apache.catalina.core.ApplicationContext.log Manager: install: Installing context configuration at 'file:/C:/Users/user/AppData/Local/Temp/context6931086456769365101.xml'
17-Feb-2020 18:01:34.847 INFO [http-nio-9090-exec-45] org.apache.catalina.core.ApplicationContext.log Manager: list: Listing contexts for virtual host 'localhost'
17-Feb-2020 18:01:34.860 INFO [http-nio-9090-exec-37] org.apache.catalina.core.ApplicationContext.log Manager: list: Listing contexts for virtual host 'localhost'
17-Feb-2020 18:05:29.083 INFO [http-nio-9090-exec-40] org.apache.catalina.core.ApplicationContext.log Manager: list: Listing contexts for virtual host 'localhost'
17-Feb-2020 18:05:29.090 INFO [http-nio-9090-exec-41] org.apache.catalina.core.ApplicationContext.log Manager: list: Listing contexts for virtual host 'localhost'
17-Feb-2020 18:07:02.900 INFO [http-nio-9090-exec-46] org.apache.catalina.core.ApplicationContext.log Manager: list: Listing contexts for virtual host 'localhost'
17-Feb-2020 18:07:02.908 INFO [http-nio-9090-exec-45] org.apache.catalina.core.ApplicationContext.log Manager: list: Listing contexts for virtual host 'localhost'
17-Feb-2020 18:07:58.309 INFO [http-nio-9090-exec-38] org.apache.catalina.core.ApplicationContext.log Manager: list: Listing contexts for virtual host 'localhost'
17-Feb-2020 18:07:58.319 INFO [http-nio-9090-exec-40] org.apache.catalina.core.ApplicationContext.log Manager: list: Listing contexts for virtual host 'localhost'
17-Feb-2020 18:08:52.675 INFO [http-nio-9090-exec-43] org.apache.catalina.core.ApplicationContext.log Manager: list: Listing contexts for virtual host 'localhost'
17-Feb-2020 18:08:52.682 INFO [http-nio-9090-exec-44] org.apache.catalina.core.ApplicationContext.log Manager: list: Listing contexts for virtual host 'localhost'
