
2018-06-08 23:39:37 Commons Daemon procrun stderr initialized
08-Jun-2018 23:39:41.479 INFO [main] org.apache.catalina.startup.VersionLoggerListener.log Server version:        Apache Tomcat/8.0.35
08-Jun-2018 23:39:41.510 INFO [main] org.apache.catalina.startup.VersionLoggerListener.log Server built:          May 11 2016 21:57:08 UTC
08-Jun-2018 23:39:41.510 INFO [main] org.apache.catalina.startup.VersionLoggerListener.log Server number:         8.0.35.0
08-Jun-2018 23:39:41.510 INFO [main] org.apache.catalina.startup.VersionLoggerListener.log OS Name:               Windows 10
08-Jun-2018 23:39:41.510 INFO [main] org.apache.catalina.startup.VersionLoggerListener.log OS Version:            10.0
08-Jun-2018 23:39:41.510 INFO [main] org.apache.catalina.startup.VersionLoggerListener.log Architecture:          x86
08-Jun-2018 23:39:41.510 INFO [main] org.apache.catalina.startup.VersionLoggerListener.log Java Home:             C:\Program Files (x86)\Java\jdk1.8.0_131\jre
08-Jun-2018 23:39:41.510 INFO [main] org.apache.catalina.startup.VersionLoggerListener.log JVM Version:           1.8.0_131-b11
08-Jun-2018 23:39:41.510 INFO [main] org.apache.catalina.startup.VersionLoggerListener.log JVM Vendor:            Oracle Corporation
08-Jun-2018 23:39:41.510 INFO [main] org.apache.catalina.startup.VersionLoggerListener.log CATALINA_BASE:         C:\Program Files (x86)\Apache Software Foundation\Tomcat 8.0
08-Jun-2018 23:39:41.510 INFO [main] org.apache.catalina.startup.VersionLoggerListener.log CATALINA_HOME:         C:\Program Files (x86)\Apache Software Foundation\Tomcat 8.0
08-Jun-2018 23:39:41.510 INFO [main] org.apache.catalina.startup.VersionLoggerListener.log Command line argument: -Dcatalina.home=C:\Program Files (x86)\Apache Software Foundation\Tomcat 8.0
08-Jun-2018 23:39:41.510 INFO [main] org.apache.catalina.startup.VersionLoggerListener.log Command line argument: -Dcatalina.base=C:\Program Files (x86)\Apache Software Foundation\Tomcat 8.0
08-Jun-2018 23:39:41.510 INFO [main] org.apache.catalina.startup.VersionLoggerListener.log Command line argument: -Djava.endorsed.dirs=C:\Program Files (x86)\Apache Software Foundation\Tomcat 8.0\endorsed
08-Jun-2018 23:39:41.510 INFO [main] org.apache.catalina.startup.VersionLoggerListener.log Command line argument: -Djava.io.tmpdir=C:\Program Files (x86)\Apache Software Foundation\Tomcat 8.0\temp
08-Jun-2018 23:39:41.510 INFO [main] org.apache.catalina.startup.VersionLoggerListener.log Command line argument: -Djava.util.logging.manager=org.apache.juli.ClassLoaderLogManager
08-Jun-2018 23:39:41.510 INFO [main] org.apache.catalina.startup.VersionLoggerListener.log Command line argument: -Djava.util.logging.config.file=C:\Program Files (x86)\Apache Software Foundation\Tomcat 8.0\conf\logging.properties
08-Jun-2018 23:39:41.510 INFO [main] org.apache.catalina.startup.VersionLoggerListener.log Command line argument: exit
08-Jun-2018 23:39:41.510 INFO [main] org.apache.catalina.startup.VersionLoggerListener.log Command line argument: -Xms128m
08-Jun-2018 23:39:41.510 INFO [main] org.apache.catalina.startup.VersionLoggerListener.log Command line argument: -Xmx256m
08-Jun-2018 23:39:41.510 INFO [main] org.apache.catalina.core.AprLifecycleListener.lifecycleEvent The APR based Apache Tomcat Native library which allows optimal performance in production environments was not found on the java.library.path: C:\Tomcat 8.0\bin;C:\Windows\Sun\Java\bin;C:\Windows\system32;C:\Windows;C:\Windows\system32;C:\Windows;C:\Windows\System32\Wbem;C:\Windows\System32\WindowsPowerShell\v1.0\;C:\Program Files (x86)\Java\jdk1.8.0_131\bin;C:\Windows\system32\config\systemprofile\AppData\Local\Microsoft\WindowsApps;.
08-Jun-2018 23:39:42.745 INFO [main] org.apache.coyote.AbstractProtocol.init Initializing ProtocolHandler ["http-nio-9090"]
08-Jun-2018 23:39:43.464 INFO [main] org.apache.tomcat.util.net.NioSelectorPool.getSharedSelector Using a shared selector for servlet write/read
08-Jun-2018 23:39:43.464 INFO [main] org.apache.coyote.AbstractProtocol.init Initializing ProtocolHandler ["ajp-nio-8007"]
08-Jun-2018 23:39:43.479 INFO [main] org.apache.tomcat.util.net.NioSelectorPool.getSharedSelector Using a shared selector for servlet write/read
08-Jun-2018 23:39:43.479 INFO [main] org.apache.catalina.startup.Catalina.load Initialization processed in 3964 ms
08-Jun-2018 23:39:43.557 INFO [main] org.apache.catalina.core.StandardService.startInternal Starting service Catalina
08-Jun-2018 23:39:43.557 INFO [main] org.apache.catalina.core.StandardEngine.startInternal Starting Servlet Engine: Apache Tomcat/8.0.35
08-Jun-2018 23:39:43.573 INFO [localhost-startStop-1] org.apache.catalina.startup.HostConfig.deployDirectory Deploying web application directory C:\Program Files (x86)\Apache Software Foundation\Tomcat 8.0\webapps\docs
08-Jun-2018 23:39:44.151 INFO [localhost-startStop-1] org.apache.catalina.startup.HostConfig.deployDirectory Deployment of web application directory C:\Program Files (x86)\Apache Software Foundation\Tomcat 8.0\webapps\docs has finished in 562 ms
08-Jun-2018 23:39:44.151 INFO [localhost-startStop-1] org.apache.catalina.startup.HostConfig.deployDirectory Deploying web application directory C:\Program Files (x86)\Apache Software Foundation\Tomcat 8.0\webapps\examples
08-Jun-2018 23:39:44.761 INFO [localhost-startStop-1] org.apache.catalina.startup.HostConfig.deployDirectory Deployment of web application directory C:\Program Files (x86)\Apache Software Foundation\Tomcat 8.0\webapps\examples has finished in 610 ms
08-Jun-2018 23:39:44.761 INFO [localhost-startStop-1] org.apache.catalina.startup.HostConfig.deployDirectory Deploying web application directory C:\Program Files (x86)\Apache Software Foundation\Tomcat 8.0\webapps\host-manager
08-Jun-2018 23:39:44.823 INFO [localhost-startStop-1] org.apache.catalina.startup.HostConfig.deployDirectory Deployment of web application directory C:\Program Files (x86)\Apache Software Foundation\Tomcat 8.0\webapps\host-manager has finished in 62 ms
08-Jun-2018 23:39:44.823 INFO [localhost-startStop-1] org.apache.catalina.startup.HostConfig.deployDirectory Deploying web application directory C:\Program Files (x86)\Apache Software Foundation\Tomcat 8.0\webapps\manager
08-Jun-2018 23:39:44.870 INFO [localhost-startStop-1] org.apache.catalina.startup.HostConfig.deployDirectory Deployment of web application directory C:\Program Files (x86)\Apache Software Foundation\Tomcat 8.0\webapps\manager has finished in 47 ms
08-Jun-2018 23:39:44.870 INFO [localhost-startStop-1] org.apache.catalina.startup.HostConfig.deployDirectory Deploying web application directory C:\Program Files (x86)\Apache Software Foundation\Tomcat 8.0\webapps\ROOT
08-Jun-2018 23:39:44.901 INFO [localhost-startStop-1] org.apache.catalina.startup.HostConfig.deployDirectory Deployment of web application directory C:\Program Files (x86)\Apache Software Foundation\Tomcat 8.0\webapps\ROOT has finished in 31 ms
08-Jun-2018 23:39:44.901 INFO [main] org.apache.coyote.AbstractProtocol.start Starting ProtocolHandler ["http-nio-9090"]
08-Jun-2018 23:39:44.917 INFO [main] org.apache.coyote.AbstractProtocol.start Starting ProtocolHandler ["ajp-nio-8007"]
08-Jun-2018 23:39:44.917 INFO [main] org.apache.catalina.startup.Catalina.start Server startup in 1440 ms
09-Jun-2018 14:18:38.609 INFO [Thread-6] org.apache.coyote.AbstractProtocol.pause Pausing ProtocolHandler ["http-nio-9090"]
09-Jun-2018 14:18:38.719 INFO [Thread-6] org.apache.coyote.AbstractProtocol.pause Pausing ProtocolHandler ["ajp-nio-8007"]
09-Jun-2018 14:18:38.781 INFO [Thread-6] org.apache.catalina.core.StandardService.stopInternal Stopping service Catalina
09-Jun-2018 14:18:38.891 INFO [Thread-6] org.apache.coyote.AbstractProtocol.stop Stopping ProtocolHandler ["http-nio-9090"]
09-Jun-2018 14:18:38.984 INFO [Thread-6] org.apache.coyote.AbstractProtocol.stop Stopping ProtocolHandler ["ajp-nio-8007"]
